<<<<<<< HEAD
objc[15111]: Class AXEmojiUtilities is implemented in both /Applications/Xcode.app/Contents/Developer/Platforms/iPhoneSimulator.platform/Developer/SDKs/iPhoneSimulator7.1.sdk/System/Library/PrivateFrameworks/AccessibilityUtilities.framework/AccessibilityUtilities and /Applications/Xcode.app/Contents/Developer/Platforms/iPhoneSimulator.platform/Developer/SDKs/iPhoneSimulator7.1.sdk/usr/lib/libAXSpeechManager.dylib. One of the two will be used. Which one is undefined.
2014-06-18 15:11:17.905 HelloCordova[15111:70b] Cannot find executable for CFBundle 0xa5ac250 </Applications/Xcode.app/Contents/Developer/Platforms/iPhoneSimulator.platform/Developer/SDKs/iPhoneSimulator7.1.sdk/System/Library/AccessibilityBundles/CertUIFramework.axbundle> (not loaded)
2014-06-18 15:11:17.912 HelloCordova[15111:70b] Cannot find executable for CFBundle 0xa5c84d0 </Applications/Xcode.app/Contents/Developer/Platforms/iPhoneSimulator.platform/Developer/SDKs/iPhoneSimulator7.1.sdk/System/Library/AccessibilityBundles/GeoServices.axbundle> (not loaded)
2014-06-18 15:11:17.980 HelloCordova[15111:70b] Multi-tasking -> Device: YES, App: YES
2014-06-18 15:11:18.003 HelloCordova[15111:70b] Unlimited access to network resources
2014-06-18 15:11:18.008 HelloCordova[15111:70b] Restoring old webstorage backup. From: '/Users/davidoski/Library/Application Support/iPhone Simulator/7.1/Applications/9AE60BA0-172C-4E60-97F3-3728E08014E2/Library/WebKit/LocalStorage/file__0.localstorage' To: '/Users/davidoski/Library/Application Support/iPhone Simulator/7.1/Applications/9AE60BA0-172C-4E60-97F3-3728E08014E2/Library/Caches/file__0.localstorage'.
2014-06-18 15:11:18.011 HelloCordova[15111:70b] Removing old webstorage backup: '/Users/davidoski/Library/Application Support/iPhone Simulator/7.1/Applications/9AE60BA0-172C-4E60-97F3-3728E08014E2/Library/WebKit/LocalStorage/file__0.localstorage'.
2014-06-18 15:11:18.336 HelloCordova[15111:70b] [CDVTimer][statusbar] 58.265984ms
2014-06-18 15:11:18.336 HelloCordova[15111:70b] [CDVTimer][TotalPluginStartup] 58.668971ms
2014-06-18 15:11:18.482 HelloCordova[15111:70b] Resetting plugins due to page load.
2014-06-18 15:11:18.961 HelloCordova[15111:70b] Finished load of: file:///Users/davidoski/Library/Application%20Support/iPhone%20Simulator/7.1/Applications/9AE60BA0-172C-4E60-97F3-3728E08014E2/HelloCordova.app/www/index.html#/tab/dash
<<<<<<< HEAD
objc[19172]: Class AXEmojiUtilities is implemented in both /Applications/Xcode.app/Contents/Developer/Platforms/iPhoneSimulator.platform/Developer/SDKs/iPhoneSimulator7.1.sdk/System/Library/PrivateFrameworks/AccessibilityUtilities.framework/AccessibilityUtilities and /Applications/Xcode.app/Contents/Developer/Platforms/iPhoneSimulator.platform/Developer/SDKs/iPhoneSimulator7.1.sdk/usr/lib/libAXSpeechManager.dylib. One of the two will be used. Which one is undefined.
2014-06-20 17:00:40.640 HelloCordova[19172:70b] Cannot find executable for CFBundle 0xa38d8d0 </Applications/Xcode.app/Contents/Developer/Platforms/iPhoneSimulator.platform/Developer/SDKs/iPhoneSimulator7.1.sdk/System/Library/AccessibilityBundles/GeoServices.axbundle> (not loaded)
2014-06-20 17:00:40.722 HelloCordova[19172:70b] Cannot find executable for CFBundle 0xa384460 </Applications/Xcode.app/Contents/Developer/Platforms/iPhoneSimulator.platform/Developer/SDKs/iPhoneSimulator7.1.sdk/System/Library/AccessibilityBundles/CertUIFramework.axbundle> (not loaded)
2014-06-20 17:00:41.186 HelloCordova[19172:70b] Multi-tasking -> Device: YES, App: YES
2014-06-20 17:00:41.218 HelloCordova[19172:70b] Unlimited access to network resources
2014-06-20 17:00:41.229 HelloCordova[19172:70b] Restoring old webstorage backup. From: '/Users/davidoski/Library/Application Support/iPhone Simulator/7.1/Applications/9AE60BA0-172C-4E60-97F3-3728E08014E2/Library/WebKit/LocalStorage/file__0.localstorage' To: '/Users/davidoski/Library/Application Support/iPhone Simulator/7.1/Applications/9AE60BA0-172C-4E60-97F3-3728E08014E2/Library/Caches/file__0.localstorage'.
2014-06-20 17:00:41.233 HelloCordova[19172:70b] Removing old webstorage backup: '/Users/davidoski/Library/Application Support/iPhone Simulator/7.1/Applications/9AE60BA0-172C-4E60-97F3-3728E08014E2/Library/WebKit/LocalStorage/file__0.localstorage'.
2014-06-20 17:00:41.611 HelloCordova[19172:70b] [CDVTimer][statusbar] 130.694985ms
2014-06-20 17:00:41.611 HelloCordova[19172:70b] [CDVTimer][TotalPluginStartup] 131.148040ms
2014-06-20 17:00:41.836 HelloCordova[19172:70b] Resetting plugins due to page load.
2014-06-20 17:00:44.145 HelloCordova[19172:70b] Finished load of: file:///Users/davidoski/Library/Application%20Support/iPhone%20Simulator/7.1/Applications/9AE60BA0-172C-4E60-97F3-3728E08014E2/HelloCordova.app/www/index.html#/tab/dash
objc[19341]: Class AXEmojiUtilities is implemented in both /Applications/Xcode.app/Contents/Developer/Platforms/iPhoneSimulator.platform/Developer/SDKs/iPhoneSimulator7.1.sdk/System/Library/PrivateFrameworks/AccessibilityUtilities.framework/AccessibilityUtilities and /Applications/Xcode.app/Contents/Developer/Platforms/iPhoneSimulator.platform/Developer/SDKs/iPhoneSimulator7.1.sdk/usr/lib/libAXSpeechManager.dylib. One of the two will be used. Which one is undefined.
2014-06-20 17:01:04.252 HelloCordova[19341:70b] Cannot find executable for CFBundle 0xa53ffa0 </Applications/Xcode.app/Contents/Developer/Platforms/iPhoneSimulator.platform/Developer/SDKs/iPhoneSimulator7.1.sdk/System/Library/AccessibilityBundles/CertUIFramework.axbundle> (not loaded)
2014-06-20 17:01:04.258 HelloCordova[19341:70b] Cannot find executable for CFBundle 0xa258780 </Applications/Xcode.app/Contents/Developer/Platforms/iPhoneSimulator.platform/Developer/SDKs/iPhoneSimulator7.1.sdk/System/Library/AccessibilityBundles/GeoServices.axbundle> (not loaded)
2014-06-20 17:01:04.303 HelloCordova[19341:70b] Multi-tasking -> Device: YES, App: YES
2014-06-20 17:01:04.311 HelloCordova[19341:70b] Unlimited access to network resources
2014-06-20 17:01:04.344 HelloCordova[19341:70b] [CDVTimer][statusbar] 9.303987ms
2014-06-20 17:01:04.344 HelloCordova[19341:70b] [CDVTimer][TotalPluginStartup] 9.913981ms
2014-06-20 17:01:04.544 HelloCordova[19341:70b] Resetting plugins due to page load.
2014-06-20 17:01:04.821 HelloCordova[19341:70b] Finished load of: file:///Users/davidoski/Library/Application%20Support/iPhone%20Simulator/7.1/Applications/9AE60BA0-172C-4E60-97F3-3728E08014E2/HelloCordova.app/www/index.html#/tab/dash
=======
=======
2014-06-20 15:40:31.915 Bank in the pocket[9587:70b] Multi-tasking -> Device: YES, App: YES
2014-06-20 15:40:31.933 Bank in the pocket[9587:70b] Unlimited access to network resources
2014-06-20 15:40:32.117 Bank in the pocket[9587:70b] [CDVTimer][statusbar] 45.367002ms
2014-06-20 15:40:32.117 Bank in the pocket[9587:70b] CDVPlugin class CDVSplashScreen (pluginName: splashscreen) does not exist.
2014-06-20 15:40:32.117 Bank in the pocket[9587:70b] [CDVTimer][splashscreen] 0.303030ms
2014-06-20 15:40:32.118 Bank in the pocket[9587:70b] [CDVTimer][TotalPluginStartup] 46.392977ms
2014-06-20 15:40:32.202 Bank in the pocket[9587:70b] Resetting plugins due to page load.
2014-06-20 15:40:32.421 Bank in the pocket[9587:70b] Finished load of: file:///Users/onzedix/Library/Application%20Support/iPhone%20Simulator/7.1/Applications/ECD50C8E-D417-4381-9EC9-4DBD09C520B2/Bank%20in%20the%20pocket.app/www/index.html#/tab/dash
objc[9587]: Class AXEmojiUtilities is implemented in both /Applications/Xcode.app/Contents/Developer/Platforms/iPhoneSimulator.platform/Developer/SDKs/iPhoneSimulator7.1.sdk/System/Library/PrivateFrameworks/AccessibilityUtilities.framework/AccessibilityUtilities and /Applications/Xcode.app/Contents/Developer/Platforms/iPhoneSimulator.platform/Developer/SDKs/iPhoneSimulator7.1.sdk/usr/lib/libAXSpeechManager.dylib. One of the two will be used. Which one is undefined.
2014-06-20 15:40:37.582 Bank in the pocket[9587:70b] Cannot find executable for CFBundle 0xa59d8a0 </Applications/Xcode.app/Contents/Developer/Platforms/iPhoneSimulator.platform/Developer/SDKs/iPhoneSimulator7.1.sdk/System/Library/AccessibilityBundles/CertUIFramework.axbundle> (not loaded)
2014-06-20 15:40:37.593 Bank in the pocket[9587:70b] Cannot find executable for CFBundle 0xa5d9900 </Applications/Xcode.app/Contents/Developer/Platforms/iPhoneSimulator.platform/Developer/SDKs/iPhoneSimulator7.1.sdk/System/Library/AccessibilityBundles/MusicLibrary.axbundle> (not loaded)
2014-06-20 15:40:37.597 Bank in the pocket[9587:70b] Cannot find executable for CFBundle 0xa89bfe0 </Applications/Xcode.app/Contents/Developer/Platforms/iPhoneSimulator.platform/Developer/SDKs/iPhoneSimulator7.1.sdk/System/Library/AccessibilityBundles/GeoServices.axbundle> (not loaded)
Terminating in response to SpringBoard's termination.
objc[1963]: Class AXEmojiUtilities is implemented in both /Applications/Xcode.app/Contents/Developer/Platforms/iPhoneSimulator.platform/Developer/SDKs/iPhoneSimulator7.1.sdk/System/Library/PrivateFrameworks/AccessibilityUtilities.framework/AccessibilityUtilities and /Applications/Xcode.app/Contents/Developer/Platforms/iPhoneSimulator.platform/Developer/SDKs/iPhoneSimulator7.1.sdk/usr/lib/libAXSpeechManager.dylib. One of the two will be used. Which one is undefined.
2014-06-22 08:51:02.781 Bank in the pocket[1963:70b] Cannot find executable for CFBundle 0xa562660 </Applications/Xcode.app/Contents/Developer/Platforms/iPhoneSimulator.platform/Developer/SDKs/iPhoneSimulator7.1.sdk/System/Library/AccessibilityBundles/CertUIFramework.axbundle> (not loaded)
2014-06-22 08:51:02.785 Bank in the pocket[1963:70b] Cannot find executable for CFBundle 0xf778890 </Applications/Xcode.app/Contents/Developer/Platforms/iPhoneSimulator.platform/Developer/SDKs/iPhoneSimulator7.1.sdk/System/Library/AccessibilityBundles/GeoServices.axbundle> (not loaded)
2014-06-22 08:51:02.807 Bank in the pocket[1963:70b] Multi-tasking -> Device: YES, App: YES
2014-06-22 08:51:02.825 Bank in the pocket[1963:70b] Unlimited access to network resources
2014-06-22 08:51:03.031 Bank in the pocket[1963:70b] [CDVTimer][statusbar] 65.967023ms
2014-06-22 08:51:03.032 Bank in the pocket[1963:70b] CDVPlugin class CDVSplashScreen (pluginName: splashscreen) does not exist.
2014-06-22 08:51:03.032 Bank in the pocket[1963:70b] [CDVTimer][splashscreen] 0.292003ms
2014-06-22 08:51:03.033 Bank in the pocket[1963:70b] [CDVTimer][TotalPluginStartup] 66.986024ms
2014-06-22 08:51:03.108 Bank in the pocket[1963:70b] Resetting plugins due to page load.
2014-06-22 08:51:03.333 Bank in the pocket[1963:70b] Finished load of: file:///Users/onzedix/Library/Application%20Support/iPhone%20Simulator/7.1/Applications/ECD50C8E-D417-4381-9EC9-4DBD09C520B2/Bank%20in%20the%20pocket.app/www/index.html#/tab/dash
Terminating in response to SpringBoard's termination.
objc[3217]: Class AXEmojiUtilities is implemented in both /Applications/Xcode.app/Contents/Developer/Platforms/iPhoneSimulator.platform/Developer/SDKs/iPhoneSimulator7.1.sdk/System/Library/PrivateFrameworks/AccessibilityUtilities.framework/AccessibilityUtilities and /Applications/Xcode.app/Contents/Developer/Platforms/iPhoneSimulator.platform/Developer/SDKs/iPhoneSimulator7.1.sdk/usr/lib/libAXSpeechManager.dylib. One of the two will be used. Which one is undefined.
2014-06-22 13:36:06.632 Bank in the pocket[3217:70b] Cannot find executable for CFBundle 0xa774b00 </Applications/Xcode.app/Contents/Developer/Platforms/iPhoneSimulator.platform/Developer/SDKs/iPhoneSimulator7.1.sdk/System/Library/AccessibilityBundles/CertUIFramework.axbundle> (not loaded)
2014-06-22 13:36:06.636 Bank in the pocket[3217:70b] Cannot find executable for CFBundle 0xa4ab3b0 </Applications/Xcode.app/Contents/Developer/Platforms/iPhoneSimulator.platform/Developer/SDKs/iPhoneSimulator7.1.sdk/System/Library/AccessibilityBundles/GeoServices.axbundle> (not loaded)
2014-06-22 13:36:06.671 Bank in the pocket[3217:70b] Multi-tasking -> Device: YES, App: YES
2014-06-22 13:36:06.848 Bank in the pocket[3217:70b] Unlimited access to network resources
2014-06-22 13:36:08.554 Bank in the pocket[3217:70b] [CDVTimer][file] 1.317024ms
2014-06-22 13:36:08.843 Bank in the pocket[3217:70b] [CDVTimer][statusbar] 288.424015ms
2014-06-22 13:36:08.913 Bank in the pocket[3217:70b] [CDVTimer][splashscreen] 70.379972ms
2014-06-22 13:36:08.914 Bank in the pocket[3217:70b] [CDVTimer][TotalPluginStartup] 361.226976ms
2014-06-22 13:36:09.099 Bank in the pocket[3217:70b] Resetting plugins due to page load.
2014-06-22 13:36:09.924 Bank in the pocket[3217:70b] Finished load of: file:///Users/onzedix/Library/Application%20Support/iPhone%20Simulator/7.1/Applications/ECD50C8E-D417-4381-9EC9-4DBD09C520B2/Bank%20in%20the%20pocket.app/www/index.html#/tab/dash
objc[3635]: Class AXEmojiUtilities is implemented in both /Applications/Xcode.app/Contents/Developer/Platforms/iPhoneSimulator.platform/Developer/SDKs/iPhoneSimulator7.1.sdk/System/Library/PrivateFrameworks/AccessibilityUtilities.framework/AccessibilityUtilities and /Applications/Xcode.app/Contents/Developer/Platforms/iPhoneSimulator.platform/Developer/SDKs/iPhoneSimulator7.1.sdk/usr/lib/libAXSpeechManager.dylib. One of the two will be used. Which one is undefined.
2014-06-22 13:39:25.144 Bank in the pocket[3635:70b] Cannot find executable for CFBundle 0xb8758b0 </Applications/Xcode.app/Contents/Developer/Platforms/iPhoneSimulator.platform/Developer/SDKs/iPhoneSimulator7.1.sdk/System/Library/AccessibilityBundles/GeoServices.axbundle> (not loaded)
2014-06-22 13:39:25.149 Bank in the pocket[3635:70b] Cannot find executable for CFBundle 0xff5be80 </Applications/Xcode.app/Contents/Developer/Platforms/iPhoneSimulator.platform/Developer/SDKs/iPhoneSimulator7.1.sdk/System/Library/AccessibilityBundles/CertUIFramework.axbundle> (not loaded)
2014-06-22 13:39:25.263 Bank in the pocket[3635:70b] Multi-tasking -> Device: YES, App: YES
2014-06-22 13:39:25.268 Bank in the pocket[3635:70b] Unlimited access to network resources
2014-06-22 13:39:25.295 Bank in the pocket[3635:70b] [CDVTimer][file] 2.031028ms
2014-06-22 13:39:25.326 Bank in the pocket[3635:70b] [CDVTimer][statusbar] 30.160010ms
2014-06-22 13:39:25.331 Bank in the pocket[3635:70b] [CDVTimer][splashscreen] 4.232049ms
2014-06-22 13:39:25.331 Bank in the pocket[3635:70b] [CDVTimer][TotalPluginStartup] 37.912965ms
2014-06-22 13:39:25.864 Bank in the pocket[3635:70b] Resetting plugins due to page load.
2014-06-22 13:39:26.136 Bank in the pocket[3635:70b] Finished load of: file:///Users/onzedix/Library/Application%20Support/iPhone%20Simulator/7.1/Applications/ECD50C8E-D417-4381-9EC9-4DBD09C520B2/Bank%20in%20the%20pocket.app/www/index.html#/tab/dash
>>>>>>> 81081e4e4e8e83deb61219409e9b92ecf55b86f2
>>>>>>> 4be2fe1794d9dc67bf84be15967563153e7ed0bd
